<?xml version="1.0" encoding="UTF-8"?>
<!-- Generated by org.testng.reporters.JUnitXMLReporter -->
<testsuite hostname="mbilawal-lt" ignored="0" name="Test" tests="1" failures="1" timestamp="2020-03-04T19:35:48 PKT" time="38.11" errors="0">
  <testcase name="CheckBrowserLaunch" time="37.603" classname="SmokeTest.ShopifyTest">
    <failure type="java.lang.AssertionError" message="Inventory sync job is not syncing the inventory of the product expected [-4] but found [-5]">
      <![CDATA[java.lang.AssertionError: Inventory sync job is not syncing the inventory of the product expected [-4] but found [-5]
at SmokeTest.ShopifyTest.CheckBrowserLaunch(ShopifyTest.java:86)
at java.util.ArrayList.forEach(Unknown Source)
... Removed 31 stack frames]]>
    </failure>
  </testcase> <!-- CheckBrowserLaunch -->
</testsuite> <!-- Test -->
