<?xml version="1.0" encoding="UTF-8"?>
<testng-results skipped="0" failed="0" ignored="0" total="6" passed="6">
  <reporter-output>
  </reporter-output>
  <suite name="Default suite" duration-ms="457158" started-at="2020-04-01T11:56:01 PKT" finished-at="2020-04-01T12:03:38 PKT">
    <groups>
    </groups>
    <test name="Default test" duration-ms="457158" started-at="2020-04-01T11:56:01 PKT" finished-at="2020-04-01T12:03:38 PKT">
      <class name="SmokeTest.ShopifyTest">
        <test-method status="PASS" signature="B4Test()[pri:0, instance:SmokeTest.ShopifyTest@77fbd92c]" name="B4Test" is-config="true" duration-ms="266026" started-at="2020-04-01T11:56:01 PKT" finished-at="2020-04-01T12:00:27 PKT">
          <reporter-output>
          </reporter-output>
        </test-method> <!-- B4Test -->
        <test-method status="PASS" signature="VerifyProductSync()[pri:1, instance:SmokeTest.ShopifyTest@77fbd92c]" name="VerifyProductSync" duration-ms="21" started-at="2020-04-01T12:00:27 PKT" finished-at="2020-04-01T12:00:27 PKT">
          <reporter-output>
          </reporter-output>
        </test-method> <!-- VerifyProductSync -->
        <test-method status="PASS" signature="VerifyProductUpdateSync()[pri:2, instance:SmokeTest.ShopifyTest@77fbd92c]" name="VerifyProductUpdateSync" duration-ms="46" started-at="2020-04-01T12:00:27 PKT" depends-on-methods="SmokeTest.ShopifyTest.VerifyProductSync" finished-at="2020-04-01T12:00:27 PKT">
          <reporter-output>
          </reporter-output>
        </test-method> <!-- VerifyProductUpdateSync -->
        <test-method status="PASS" signature="VerifyProductQuantitySync()[pri:3, instance:SmokeTest.ShopifyTest@77fbd92c]" name="VerifyProductQuantitySync" duration-ms="50" started-at="2020-04-01T12:00:27 PKT" depends-on-methods="SmokeTest.ShopifyTest.VerifyProductSync" finished-at="2020-04-01T12:00:27 PKT">
          <reporter-output>
          </reporter-output>
        </test-method> <!-- VerifyProductQuantitySync -->
        <test-method status="PASS" signature="VerifyOrderSync()[pri:4, instance:SmokeTest.ShopifyTest@77fbd92c]" name="VerifyOrderSync" duration-ms="162663" started-at="2020-04-01T12:00:27 PKT" depends-on-methods="SmokeTest.ShopifyTest.VerifyProductQuantitySync" finished-at="2020-04-01T12:03:10 PKT">
          <reporter-output>
          </reporter-output>
        </test-method> <!-- VerifyOrderSync -->
        <test-method status="PASS" signature="VerifyOrderandInvoiceUpdateSync()[pri:5, instance:SmokeTest.ShopifyTest@77fbd92c]" name="VerifyOrderandInvoiceUpdateSync" duration-ms="28271" started-at="2020-04-01T12:03:10 PKT" depends-on-methods="SmokeTest.ShopifyTest.VerifyOrderSync" finished-at="2020-04-01T12:03:38 PKT">
          <reporter-output>
          </reporter-output>
        </test-method> <!-- VerifyOrderandInvoiceUpdateSync -->
        <test-method status="PASS" signature="VerifyTrackingNumberSync()[pri:6, instance:SmokeTest.ShopifyTest@77fbd92c]" name="VerifyTrackingNumberSync" duration-ms="40" started-at="2020-04-01T12:03:38 PKT" depends-on-methods="SmokeTest.ShopifyTest.VerifyOrderSync" finished-at="2020-04-01T12:03:38 PKT">
          <reporter-output>
          </reporter-output>
        </test-method> <!-- VerifyTrackingNumberSync -->
      </class> <!-- SmokeTest.ShopifyTest -->
    </test> <!-- Default test -->
  </suite> <!-- Default suite -->
</testng-results>
